<?xml version="1.0" encoding="UTF-8"?>
<testng-results ignored="0" total="1" passed="1" failed="0" skipped="0">
  <reporter-output>
  </reporter-output>
  <suite started-at="2024-01-31T13:49:35 IST" name="Default suite" finished-at="2024-01-31T13:49:49 IST" duration-ms="13902">
    <groups>
    </groups>
    <test started-at="2024-01-31T13:49:35 IST" name="Default test" finished-at="2024-01-31T13:49:49 IST" duration-ms="13902">
      <class name="testNG.OllionTestTest">
        <test-method signature="Test1()[pri:0, instance:testNG.OllionTestTest@273e7444]" started-at="2024-01-31T13:49:35 IST" name="Test1" finished-at="2024-01-31T13:49:49 IST" duration-ms="13859" status="PASS">
          <reporter-output>
          </reporter-output>
        </test-method> <!-- Test1 -->
      </class> <!-- testNG.OllionTestTest -->
    </test> <!-- Default test -->
  </suite> <!-- Default suite -->
</testng-results>
